2021-05-30 09:38:34,715   INFO   [punch_logger]   [base.py(__init__:12)] - [base]:正在实例化浏览器驱动对象driver:<selenium.webdriver.firefox.webdriver.WebDriver (session="4cf8d8b9-0b0e-40ae-9572-760980fc8714")>
2021-05-30 09:38:34,744   INFO   [punch_logger]   [page_login.py(page_input_student_num:19)] - [page_login]:正在输入账号：'2017050889'
2021-05-30 09:38:34,745   INFO   [punch_logger]   [base.py(base_find_element:17)] - [base]:正在定位元素:<('css selector', '#zh')>，默认超时时间为30s
2021-05-30 09:38:34,853   INFO   [punch_logger]   [base.py(base_input:35)] - [base]:正在清空元素<('css selector', '#zh')>的内容，准备输入
2021-05-30 09:38:34,895   INFO   [punch_logger]   [base.py(base_input:38)] - [base]:正在向元素<('css selector', '#zh')>输入'2017050889'
2021-05-30 09:38:35,085   INFO   [punch_logger]   [page_login.py(page_input_password:24)] - [page_login]:正在输入密码：'LYLpanza0621FPY'
2021-05-30 09:38:35,085   INFO   [punch_logger]   [base.py(base_find_element:17)] - [base]:正在定位元素:<('css selector', '#passw')>，默认超时时间为30s
2021-05-30 09:38:35,096   INFO   [punch_logger]   [base.py(base_input:35)] - [base]:正在清空元素<('css selector', '#passw')>的内容，准备输入
2021-05-30 09:38:35,105   INFO   [punch_logger]   [base.py(base_input:38)] - [base]:正在向元素<('css selector', '#passw')>输入'LYLpanza0621FPY'
2021-05-30 09:38:35,149   INFO   [punch_logger]   [page_login.py(page_click_login:29)] - [page_login]:正在点击登录按钮
2021-05-30 09:38:35,149   INFO   [punch_logger]   [base.py(base_click:29)] - [base]:正在点击元素：<('css selector', '.btn')>
2021-05-30 09:38:35,149   INFO   [punch_logger]   [base.py(base_find_element:17)] - [base]:正在定位元素:<('css selector', '.btn')>，默认超时时间为30s
2021-05-30 09:38:36,429   INFO   [punch_logger]   [base.py(__init__:12)] - [base]:正在实例化浏览器驱动对象driver:<selenium.webdriver.firefox.webdriver.WebDriver (session="4cf8d8b9-0b0e-40ae-9572-760980fc8714")>
2021-05-30 09:38:36,430   INFO   [punch_logger]   [page_commit.py(page_input_temperature:22)] - [page_commit]:正在输入今日体温：'36℃'
2021-05-30 09:38:36,430   INFO   [punch_logger]   [base.py(base_find_element:17)] - [base]:正在定位元素:<('css selector', '#temperature')>，默认超时时间为30s
2021-05-30 09:38:36,573   INFO   [punch_logger]   [base.py(base_input:35)] - [base]:正在清空元素<('css selector', '#temperature')>的内容，准备输入
2021-05-30 09:38:36,999   INFO   [punch_logger]   [base.py(base_input:38)] - [base]:正在向元素<('css selector', '#temperature')>输入'36'
2021-05-30 09:38:37,115   INFO   [punch_logger]   [page_commit.py(page_click_is_healthy:49)] - [page_commit]:正在点击'正常'单选框
2021-05-30 09:38:37,116   INFO   [punch_logger]   [base.py(base_click:29)] - [base]:正在点击元素：<('css selector', "[for='150']")>
2021-05-30 09:38:37,117   INFO   [punch_logger]   [base.py(base_find_element:17)] - [base]:正在定位元素:<('css selector', "[for='150']")>，默认超时时间为30s
2021-05-30 09:38:37,591   INFO   [punch_logger]   [page_commit.py(page_click_address:61)] - [page_commit]:正在点击'在校'单选框
2021-05-30 09:38:37,591   INFO   [punch_logger]   [base.py(base_click:29)] - [base]:正在点击元素：<('css selector', "[for='3500']")>
2021-05-30 09:38:37,592   INFO   [punch_logger]   [base.py(base_find_element:17)] - [base]:正在定位元素:<('css selector', "[for='3500']")>，默认超时时间为30s
2021-05-30 09:38:37,907   INFO   [punch_logger]   [base.py(base_find_element:17)] - [base]:正在定位元素:<('css selector', '#person_c4')>，默认超时时间为30s
2021-05-30 09:38:37,925   INFO   [punch_logger]   [base.py(base_input:35)] - [base]:正在清空元素<('css selector', '#person_c4')>的内容，准备输入
2021-05-30 09:38:37,973   INFO   [punch_logger]   [base.py(base_input:38)] - [base]:正在向元素<('css selector', '#person_c4')>输入'212'
2021-05-30 09:38:38,011   INFO   [punch_logger]   [page_commit.py(page_click_promise_checkbox:33)] - [page_commit]:正在检查“本人承诺上述情况真实”的复选框是否已点选
2021-05-30 09:38:38,011   INFO   [punch_logger]   [base.py(base_find_element:17)] - [base]:正在定位元素:<('css selector', '#\\31 0000')>，默认超时时间为30s
2021-05-30 09:38:38,021   INFO   [punch_logger]   [page_commit.py(page_click_promise_checkbox:36)] - [page_commit]:“本人承诺上述情况真实”的复选框未点选，正在点击
2021-05-30 09:38:38,273   INFO   [punch_logger]   [page_commit.py(page_click_commit:43)] - [page_commit]:已填写完所有信息，正在点击提交按钮
2021-05-30 09:38:38,273   INFO   [punch_logger]   [base.py(base_click:29)] - [base]:正在点击元素：<('css selector', '#tj')>
2021-05-30 09:38:38,274   INFO   [punch_logger]   [base.py(base_find_element:17)] - [base]:正在定位元素:<('css selector', '#tj')>，默认超时时间为30s
2021-05-30 09:38:38,525   INFO   [punch_logger]   [base.py(__init__:12)] - [base]:正在实例化浏览器驱动对象driver:<selenium.webdriver.firefox.webdriver.WebDriver (session="4cf8d8b9-0b0e-40ae-9572-760980fc8714")>
2021-05-30 09:38:38,525   INFO   [punch_logger]   [page_complete.py(page_punch_is_successful:16)] - [page_complete]正在判断打卡是否成功
2021-05-30 09:38:39,530   INFO   [punch_logger]   [test_001_commit.py(test_case_001:67)] - [script]:正在断言用户('梁宇亮', '2017050889')是否打卡成功
2021-05-30 09:38:39,530   ERROR   [punch_logger]   [test_001_commit.py(test_case_001:75)] - 异常：False is not true
2021-05-30 09:38:55,515   INFO   [punch_logger]   [base.py(__init__:12)] - [base]:正在实例化浏览器驱动对象driver:<selenium.webdriver.firefox.webdriver.WebDriver (session="e42246fa-7bd5-4c5a-90fc-b5b246c5acb2")>
2021-05-30 09:38:55,515   INFO   [punch_logger]   [page_login.py(page_input_student_num:19)] - [page_login]:正在输入账号：'2017050878'
2021-05-30 09:38:55,515   INFO   [punch_logger]   [base.py(base_find_element:17)] - [base]:正在定位元素:<('css selector', '#zh')>，默认超时时间为30s
2021-05-30 09:38:55,523   INFO   [punch_logger]   [base.py(base_input:35)] - [base]:正在清空元素<('css selector', '#zh')>的内容，准备输入
2021-05-30 09:38:55,556   INFO   [punch_logger]   [base.py(base_input:38)] - [base]:正在向元素<('css selector', '#zh')>输入'2017050878'
2021-05-30 09:38:55,634   INFO   [punch_logger]   [page_login.py(page_input_password:24)] - [page_login]:正在输入密码：'Fanpeiyi123.'
2021-05-30 09:38:55,635   INFO   [punch_logger]   [base.py(base_find_element:17)] - [base]:正在定位元素:<('css selector', '#passw')>，默认超时时间为30s
2021-05-30 09:38:55,640   INFO   [punch_logger]   [base.py(base_input:35)] - [base]:正在清空元素<('css selector', '#passw')>的内容，准备输入
2021-05-30 09:38:55,652   INFO   [punch_logger]   [base.py(base_input:38)] - [base]:正在向元素<('css selector', '#passw')>输入'Fanpeiyi123.'
2021-05-30 09:38:55,711   INFO   [punch_logger]   [page_login.py(page_click_login:29)] - [page_login]:正在点击登录按钮
2021-05-30 09:38:55,712   INFO   [punch_logger]   [base.py(base_click:29)] - [base]:正在点击元素：<('css selector', '.btn')>
2021-05-30 09:38:55,713   INFO   [punch_logger]   [base.py(base_find_element:17)] - [base]:正在定位元素:<('css selector', '.btn')>，默认超时时间为30s
2021-05-30 09:38:57,030   INFO   [punch_logger]   [base.py(__init__:12)] - [base]:正在实例化浏览器驱动对象driver:<selenium.webdriver.firefox.webdriver.WebDriver (session="e42246fa-7bd5-4c5a-90fc-b5b246c5acb2")>
2021-05-30 09:38:57,030   INFO   [punch_logger]   [page_commit.py(page_input_temperature:22)] - [page_commit]:正在输入今日体温：'36.5℃'
2021-05-30 09:38:57,031   INFO   [punch_logger]   [base.py(base_find_element:17)] - [base]:正在定位元素:<('css selector', '#temperature')>，默认超时时间为30s
2021-05-30 09:38:57,034   INFO   [punch_logger]   [base.py(base_input:35)] - [base]:正在清空元素<('css selector', '#temperature')>的内容，准备输入
2021-05-30 09:38:57,063   INFO   [punch_logger]   [base.py(base_input:38)] - [base]:正在向元素<('css selector', '#temperature')>输入'36.5'
2021-05-30 09:38:57,102   INFO   [punch_logger]   [page_commit.py(page_click_is_healthy:49)] - [page_commit]:正在点击'正常'单选框
2021-05-30 09:38:57,102   INFO   [punch_logger]   [base.py(base_click:29)] - [base]:正在点击元素：<('css selector', "[for='150']")>
2021-05-30 09:38:57,102   INFO   [punch_logger]   [base.py(base_find_element:17)] - [base]:正在定位元素:<('css selector', "[for='150']")>，默认超时时间为30s
2021-05-30 09:38:57,373   INFO   [punch_logger]   [page_commit.py(page_click_address:61)] - [page_commit]:正在点击'在校'单选框
2021-05-30 09:38:57,373   INFO   [punch_logger]   [base.py(base_click:29)] - [base]:正在点击元素：<('css selector', "[for='3500']")>
2021-05-30 09:38:57,373   INFO   [punch_logger]   [base.py(base_find_element:17)] - [base]:正在定位元素:<('css selector', "[for='3500']")>，默认超时时间为30s
2021-05-30 09:38:57,608   INFO   [punch_logger]   [base.py(base_find_element:17)] - [base]:正在定位元素:<('css selector', '#person_c4')>，默认超时时间为30s
2021-05-30 09:38:57,613   INFO   [punch_logger]   [base.py(base_input:35)] - [base]:正在清空元素<('css selector', '#person_c4')>的内容，准备输入
2021-05-30 09:38:57,647   INFO   [punch_logger]   [base.py(base_input:38)] - [base]:正在向元素<('css selector', '#person_c4')>输入'604'
2021-05-30 09:38:57,680   INFO   [punch_logger]   [page_commit.py(page_click_promise_checkbox:33)] - [page_commit]:正在检查“本人承诺上述情况真实”的复选框是否已点选
2021-05-30 09:38:57,681   INFO   [punch_logger]   [base.py(base_find_element:17)] - [base]:正在定位元素:<('css selector', '#\\31 0000')>，默认超时时间为30s
2021-05-30 09:38:57,691   INFO   [punch_logger]   [page_commit.py(page_click_promise_checkbox:36)] - [page_commit]:“本人承诺上述情况真实”的复选框未点选，正在点击
2021-05-30 09:38:57,923   INFO   [punch_logger]   [page_commit.py(page_click_commit:43)] - [page_commit]:已填写完所有信息，正在点击提交按钮
2021-05-30 09:38:57,924   INFO   [punch_logger]   [base.py(base_click:29)] - [base]:正在点击元素：<('css selector', '#tj')>
2021-05-30 09:38:57,924   INFO   [punch_logger]   [base.py(base_find_element:17)] - [base]:正在定位元素:<('css selector', '#tj')>，默认超时时间为30s
2021-05-30 09:38:58,159   INFO   [punch_logger]   [base.py(__init__:12)] - [base]:正在实例化浏览器驱动对象driver:<selenium.webdriver.firefox.webdriver.WebDriver (session="e42246fa-7bd5-4c5a-90fc-b5b246c5acb2")>
2021-05-30 09:38:58,160   INFO   [punch_logger]   [page_complete.py(page_punch_is_successful:16)] - [page_complete]正在判断打卡是否成功
2021-05-30 09:38:59,176   INFO   [punch_logger]   [test_001_commit.py(test_case_001:67)] - [script]:正在断言用户('樊佩沂', '2017050878')是否打卡成功
2021-05-30 09:38:59,176   INFO   [punch_logger]   [test_001_commit.py(test_case_001:70)] - [script]:用户('樊佩沂', '2017050878')打卡成功
2021-05-30 09:39:19,468   INFO   [punch_logger]   [base.py(__init__:12)] - [base]:正在实例化浏览器驱动对象driver:<selenium.webdriver.firefox.webdriver.WebDriver (session="6c213113-8833-42da-be8e-ad992284915d")>
2021-05-30 09:39:19,468   INFO   [punch_logger]   [page_login.py(page_input_student_num:19)] - [page_login]:正在输入账号：'2017050872'
2021-05-30 09:39:19,468   INFO   [punch_logger]   [base.py(base_find_element:17)] - [base]:正在定位元素:<('css selector', '#zh')>，默认超时时间为30s
2021-05-30 09:39:19,481   INFO   [punch_logger]   [base.py(base_input:35)] - [base]:正在清空元素<('css selector', '#zh')>的内容，准备输入
2021-05-30 09:39:19,499   INFO   [punch_logger]   [base.py(base_input:38)] - [base]:正在向元素<('css selector', '#zh')>输入'2017050872'
2021-05-30 09:39:19,584   INFO   [punch_logger]   [page_login.py(page_input_password:24)] - [page_login]:正在输入密码：'PRpaopao990924!'
2021-05-30 09:39:19,585   INFO   [punch_logger]   [base.py(base_find_element:17)] - [base]:正在定位元素:<('css selector', '#passw')>，默认超时时间为30s
2021-05-30 09:39:19,591   INFO   [punch_logger]   [base.py(base_input:35)] - [base]:正在清空元素<('css selector', '#passw')>的内容，准备输入
2021-05-30 09:39:19,612   INFO   [punch_logger]   [base.py(base_input:38)] - [base]:正在向元素<('css selector', '#passw')>输入'PRpaopao990924!'
2021-05-30 09:39:19,679   INFO   [punch_logger]   [page_login.py(page_click_login:29)] - [page_login]:正在点击登录按钮
2021-05-30 09:39:19,679   INFO   [punch_logger]   [base.py(base_click:29)] - [base]:正在点击元素：<('css selector', '.btn')>
2021-05-30 09:39:19,679   INFO   [punch_logger]   [base.py(base_find_element:17)] - [base]:正在定位元素:<('css selector', '.btn')>，默认超时时间为30s
2021-05-30 09:39:20,983   INFO   [punch_logger]   [base.py(__init__:12)] - [base]:正在实例化浏览器驱动对象driver:<selenium.webdriver.firefox.webdriver.WebDriver (session="6c213113-8833-42da-be8e-ad992284915d")>
2021-05-30 09:39:20,983   INFO   [punch_logger]   [page_commit.py(page_input_temperature:22)] - [page_commit]:正在输入今日体温：'36℃'
2021-05-30 09:39:20,983   INFO   [punch_logger]   [base.py(base_find_element:17)] - [base]:正在定位元素:<('css selector', '#temperature')>，默认超时时间为30s
2021-05-30 09:39:21,009   INFO   [punch_logger]   [base.py(base_input:35)] - [base]:正在清空元素<('css selector', '#temperature')>的内容，准备输入
2021-05-30 09:39:21,056   INFO   [punch_logger]   [base.py(base_input:38)] - [base]:正在向元素<('css selector', '#temperature')>输入'36'
2021-05-30 09:39:21,087   INFO   [punch_logger]   [page_commit.py(page_click_is_healthy:49)] - [page_commit]:正在点击'正常'单选框
2021-05-30 09:39:21,087   INFO   [punch_logger]   [base.py(base_click:29)] - [base]:正在点击元素：<('css selector', "[for='150']")>
2021-05-30 09:39:21,087   INFO   [punch_logger]   [base.py(base_find_element:17)] - [base]:正在定位元素:<('css selector', "[for='150']")>，默认超时时间为30s
2021-05-30 09:39:21,344   INFO   [punch_logger]   [page_commit.py(page_click_address:61)] - [page_commit]:正在点击'在校'单选框
2021-05-30 09:39:21,345   INFO   [punch_logger]   [base.py(base_click:29)] - [base]:正在点击元素：<('css selector', "[for='3500']")>
2021-05-30 09:39:21,345   INFO   [punch_logger]   [base.py(base_find_element:17)] - [base]:正在定位元素:<('css selector', "[for='3500']")>，默认超时时间为30s
2021-05-30 09:39:21,582   INFO   [punch_logger]   [base.py(base_find_element:17)] - [base]:正在定位元素:<('css selector', '#person_c4')>，默认超时时间为30s
2021-05-30 09:39:21,587   INFO   [punch_logger]   [base.py(base_input:35)] - [base]:正在清空元素<('css selector', '#person_c4')>的内容，准备输入
2021-05-30 09:39:21,625   INFO   [punch_logger]   [base.py(base_input:38)] - [base]:正在向元素<('css selector', '#person_c4')>输入'212'
2021-05-30 09:39:21,672   INFO   [punch_logger]   [page_commit.py(page_click_promise_checkbox:33)] - [page_commit]:正在检查“本人承诺上述情况真实”的复选框是否已点选
2021-05-30 09:39:21,672   INFO   [punch_logger]   [base.py(base_find_element:17)] - [base]:正在定位元素:<('css selector', '#\\31 0000')>，默认超时时间为30s
2021-05-30 09:39:21,683   INFO   [punch_logger]   [page_commit.py(page_click_promise_checkbox:36)] - [page_commit]:“本人承诺上述情况真实”的复选框未点选，正在点击
2021-05-30 09:39:21,926   INFO   [punch_logger]   [page_commit.py(page_click_commit:43)] - [page_commit]:已填写完所有信息，正在点击提交按钮
2021-05-30 09:39:21,926   INFO   [punch_logger]   [base.py(base_click:29)] - [base]:正在点击元素：<('css selector', '#tj')>
2021-05-30 09:39:21,927   INFO   [punch_logger]   [base.py(base_find_element:17)] - [base]:正在定位元素:<('css selector', '#tj')>，默认超时时间为30s
2021-05-30 09:39:22,175   INFO   [punch_logger]   [base.py(__init__:12)] - [base]:正在实例化浏览器驱动对象driver:<selenium.webdriver.firefox.webdriver.WebDriver (session="6c213113-8833-42da-be8e-ad992284915d")>
2021-05-30 09:39:22,175   INFO   [punch_logger]   [page_complete.py(page_punch_is_successful:16)] - [page_complete]正在判断打卡是否成功
2021-05-30 09:39:23,178   INFO   [punch_logger]   [test_001_commit.py(test_case_001:67)] - [script]:正在断言用户('林良梁', '2017050872')是否打卡成功
2021-05-30 09:39:23,178   INFO   [punch_logger]   [test_001_commit.py(test_case_001:70)] - [script]:用户('林良梁', '2017050872')打卡成功
2021-05-30 09:39:43,745   INFO   [punch_logger]   [base.py(__init__:12)] - [base]:正在实例化浏览器驱动对象driver:<selenium.webdriver.firefox.webdriver.WebDriver (session="d8380ba8-ed5d-4b79-85c9-4ced06516548")>
2021-05-30 09:39:43,745   INFO   [punch_logger]   [page_login.py(page_input_student_num:19)] - [page_login]:正在输入账号：'2017053799'
2021-05-30 09:39:43,745   INFO   [punch_logger]   [base.py(base_find_element:17)] - [base]:正在定位元素:<('css selector', '#zh')>，默认超时时间为30s
2021-05-30 09:39:43,755   INFO   [punch_logger]   [base.py(base_input:35)] - [base]:正在清空元素<('css selector', '#zh')>的内容，准备输入
2021-05-30 09:39:43,764   INFO   [punch_logger]   [base.py(base_input:38)] - [base]:正在向元素<('css selector', '#zh')>输入'2017053799'
2021-05-30 09:39:43,836   INFO   [punch_logger]   [page_login.py(page_input_password:24)] - [page_login]:正在输入密码：'Shaking0101'
2021-05-30 09:39:43,836   INFO   [punch_logger]   [base.py(base_find_element:17)] - [base]:正在定位元素:<('css selector', '#passw')>，默认超时时间为30s
2021-05-30 09:39:43,840   INFO   [punch_logger]   [base.py(base_input:35)] - [base]:正在清空元素<('css selector', '#passw')>的内容，准备输入
2021-05-30 09:39:43,847   INFO   [punch_logger]   [base.py(base_input:38)] - [base]:正在向元素<('css selector', '#passw')>输入'Shaking0101'
2021-05-30 09:39:43,889   INFO   [punch_logger]   [page_login.py(page_click_login:29)] - [page_login]:正在点击登录按钮
2021-05-30 09:39:43,889   INFO   [punch_logger]   [base.py(base_click:29)] - [base]:正在点击元素：<('css selector', '.btn')>
2021-05-30 09:39:43,889   INFO   [punch_logger]   [base.py(base_find_element:17)] - [base]:正在定位元素:<('css selector', '.btn')>，默认超时时间为30s
2021-05-30 09:39:45,154   INFO   [punch_logger]   [base.py(__init__:12)] - [base]:正在实例化浏览器驱动对象driver:<selenium.webdriver.firefox.webdriver.WebDriver (session="d8380ba8-ed5d-4b79-85c9-4ced06516548")>
2021-05-30 09:39:45,154   INFO   [punch_logger]   [page_commit.py(page_input_temperature:22)] - [page_commit]:正在输入今日体温：'36℃'
2021-05-30 09:39:45,154   INFO   [punch_logger]   [base.py(base_find_element:17)] - [base]:正在定位元素:<('css selector', '#temperature')>，默认超时时间为30s
2021-05-30 09:39:45,176   INFO   [punch_logger]   [base.py(base_input:35)] - [base]:正在清空元素<('css selector', '#temperature')>的内容，准备输入
2021-05-30 09:39:45,297   INFO   [punch_logger]   [base.py(base_input:38)] - [base]:正在向元素<('css selector', '#temperature')>输入'36'
2021-05-30 09:39:45,339   INFO   [punch_logger]   [page_commit.py(page_click_is_healthy:49)] - [page_commit]:正在点击'正常'单选框
2021-05-30 09:39:45,339   INFO   [punch_logger]   [base.py(base_click:29)] - [base]:正在点击元素：<('css selector', "[for='150']")>
2021-05-30 09:39:45,340   INFO   [punch_logger]   [base.py(base_find_element:17)] - [base]:正在定位元素:<('css selector', "[for='150']")>，默认超时时间为30s
2021-05-30 09:39:45,597   INFO   [punch_logger]   [page_commit.py(page_click_address:61)] - [page_commit]:正在点击'在校'单选框
2021-05-30 09:39:45,598   INFO   [punch_logger]   [base.py(base_click:29)] - [base]:正在点击元素：<('css selector', "[for='3500']")>
2021-05-30 09:39:45,598   INFO   [punch_logger]   [base.py(base_find_element:17)] - [base]:正在定位元素:<('css selector', "[for='3500']")>，默认超时时间为30s
2021-05-30 09:39:45,822   INFO   [punch_logger]   [base.py(base_find_element:17)] - [base]:正在定位元素:<('css selector', '#person_c4')>，默认超时时间为30s
2021-05-30 09:39:45,827   INFO   [punch_logger]   [base.py(base_input:35)] - [base]:正在清空元素<('css selector', '#person_c4')>的内容，准备输入
2021-05-30 09:39:45,860   INFO   [punch_logger]   [base.py(base_input:38)] - [base]:正在向元素<('css selector', '#person_c4')>输入'605'
2021-05-30 09:39:45,893   INFO   [punch_logger]   [page_commit.py(page_click_promise_checkbox:33)] - [page_commit]:正在检查“本人承诺上述情况真实”的复选框是否已点选
2021-05-30 09:39:45,893   INFO   [punch_logger]   [base.py(base_find_element:17)] - [base]:正在定位元素:<('css selector', '#\\31 0000')>，默认超时时间为30s
2021-05-30 09:39:45,904   INFO   [punch_logger]   [page_commit.py(page_click_promise_checkbox:36)] - [page_commit]:“本人承诺上述情况真实”的复选框未点选，正在点击
2021-05-30 09:39:46,133   INFO   [punch_logger]   [page_commit.py(page_click_commit:43)] - [page_commit]:已填写完所有信息，正在点击提交按钮
2021-05-30 09:39:46,133   INFO   [punch_logger]   [base.py(base_click:29)] - [base]:正在点击元素：<('css selector', '#tj')>
2021-05-30 09:39:46,133   INFO   [punch_logger]   [base.py(base_find_element:17)] - [base]:正在定位元素:<('css selector', '#tj')>，默认超时时间为30s
2021-05-30 09:39:46,369   INFO   [punch_logger]   [base.py(__init__:12)] - [base]:正在实例化浏览器驱动对象driver:<selenium.webdriver.firefox.webdriver.WebDriver (session="d8380ba8-ed5d-4b79-85c9-4ced06516548")>
2021-05-30 09:39:46,370   INFO   [punch_logger]   [page_complete.py(page_punch_is_successful:16)] - [page_complete]正在判断打卡是否成功
2021-05-30 09:39:47,375   INFO   [punch_logger]   [test_001_commit.py(test_case_001:67)] - [script]:正在断言用户('谢珂颖', '2017053799')是否打卡成功
2021-05-30 09:39:47,375   INFO   [punch_logger]   [test_001_commit.py(test_case_001:70)] - [script]:用户('谢珂颖', '2017053799')打卡成功
2021-05-30 09:47:00,454   ERROR   [punch_logger]   [test_001_commit.py(setUp:23)] - 异常：Message: Reached error page: about:neterror?e=dnsNotFound&u=https%3A//stuhealth.jnu.edu.cn/%23/login&c=UTF-8&f=regular&d=%E6%88%91%E4%BB%AC%E6%97%A0%E6%B3%95%E8%BF%9E%E6%8E%A5%E8%87%B3%20stuhealth.jnu.edu.cn%20%E7%9A%84%E6%9C%8D%E5%8A%A1%E5%99%A8%E3%80%82

2021-05-30 09:47:00,455   ERROR   [punch_logger]   [test_001_commit.py(test_case_001:75)] - 异常：'TestCommit' object has no attribute 'driver'
2021-05-30 09:47:07,573   ERROR   [punch_logger]   [test_001_commit.py(setUp:23)] - 异常：Message: Reached error page: about:neterror?e=dnsNotFound&u=https%3A//stuhealth.jnu.edu.cn/%23/login&c=UTF-8&f=regular&d=%E6%88%91%E4%BB%AC%E6%97%A0%E6%B3%95%E8%BF%9E%E6%8E%A5%E8%87%B3%20stuhealth.jnu.edu.cn%20%E7%9A%84%E6%9C%8D%E5%8A%A1%E5%99%A8%E3%80%82

2021-05-30 09:47:07,574   ERROR   [punch_logger]   [test_001_commit.py(test_case_001:75)] - 异常：'TestCommit' object has no attribute 'driver'
2021-05-30 09:47:15,253   ERROR   [punch_logger]   [test_001_commit.py(setUp:23)] - 异常：Message: Reached error page: about:neterror?e=dnsNotFound&u=https%3A//stuhealth.jnu.edu.cn/%23/login&c=UTF-8&f=regular&d=%E6%88%91%E4%BB%AC%E6%97%A0%E6%B3%95%E8%BF%9E%E6%8E%A5%E8%87%B3%20stuhealth.jnu.edu.cn%20%E7%9A%84%E6%9C%8D%E5%8A%A1%E5%99%A8%E3%80%82

2021-05-30 09:47:15,253   ERROR   [punch_logger]   [test_001_commit.py(test_case_001:75)] - 异常：'TestCommit' object has no attribute 'driver'
2021-05-30 09:47:23,044   ERROR   [punch_logger]   [test_001_commit.py(setUp:23)] - 异常：Message: Reached error page: about:neterror?e=dnsNotFound&u=https%3A//stuhealth.jnu.edu.cn/%23/login&c=UTF-8&f=regular&d=%E6%88%91%E4%BB%AC%E6%97%A0%E6%B3%95%E8%BF%9E%E6%8E%A5%E8%87%B3%20stuhealth.jnu.edu.cn%20%E7%9A%84%E6%9C%8D%E5%8A%A1%E5%99%A8%E3%80%82

2021-05-30 09:47:23,045   ERROR   [punch_logger]   [test_001_commit.py(test_case_001:75)] - 异常：'TestCommit' object has no attribute 'driver'
2021-05-30 09:47:53,978   INFO   [punch_logger]   [base.py(__init__:12)] - [base]:正在实例化浏览器驱动对象driver:<selenium.webdriver.firefox.webdriver.WebDriver (session="3cde3835-acba-4136-be53-5abcf70c5c8e")>
2021-05-30 09:47:53,978   INFO   [punch_logger]   [page_login.py(page_input_student_num:19)] - [page_login]:正在输入账号：'2017050889'
2021-05-30 09:47:53,979   INFO   [punch_logger]   [base.py(base_find_element:17)] - [base]:正在定位元素:<('css selector', '#zh')>，默认超时时间为30s
2021-05-30 09:47:54,026   INFO   [punch_logger]   [base.py(base_input:35)] - [base]:正在清空元素<('css selector', '#zh')>的内容，准备输入
2021-05-30 09:47:54,041   INFO   [punch_logger]   [base.py(base_input:38)] - [base]:正在向元素<('css selector', '#zh')>输入'2017050889'
2021-05-30 09:47:54,108   INFO   [punch_logger]   [page_login.py(page_input_password:24)] - [page_login]:正在输入密码：'LYLpanza0621FPY'
2021-05-30 09:47:54,108   INFO   [punch_logger]   [base.py(base_find_element:17)] - [base]:正在定位元素:<('css selector', '#passw')>，默认超时时间为30s
2021-05-30 09:47:54,115   INFO   [punch_logger]   [base.py(base_input:35)] - [base]:正在清空元素<('css selector', '#passw')>的内容，准备输入
2021-05-30 09:47:54,125   INFO   [punch_logger]   [base.py(base_input:38)] - [base]:正在向元素<('css selector', '#passw')>输入'LYLpanza0621FPY'
2021-05-30 09:47:54,178   INFO   [punch_logger]   [page_login.py(page_click_login:29)] - [page_login]:正在点击登录按钮
2021-05-30 09:47:54,178   INFO   [punch_logger]   [base.py(base_click:29)] - [base]:正在点击元素：<('css selector', '.btn')>
2021-05-30 09:47:54,178   INFO   [punch_logger]   [base.py(base_find_element:17)] - [base]:正在定位元素:<('css selector', '.btn')>，默认超时时间为30s
2021-05-30 09:47:55,466   INFO   [punch_logger]   [base.py(__init__:12)] - [base]:正在实例化浏览器驱动对象driver:<selenium.webdriver.firefox.webdriver.WebDriver (session="3cde3835-acba-4136-be53-5abcf70c5c8e")>
2021-05-30 09:47:55,467   INFO   [punch_logger]   [page_commit.py(page_input_temperature:22)] - [page_commit]:正在输入今日体温：'36℃'
2021-05-30 09:47:55,467   INFO   [punch_logger]   [base.py(base_find_element:17)] - [base]:正在定位元素:<('css selector', '#temperature')>，默认超时时间为30s
2021-05-30 09:47:55,532   INFO   [punch_logger]   [base.py(base_input:35)] - [base]:正在清空元素<('css selector', '#temperature')>的内容，准备输入
2021-05-30 09:47:55,576   INFO   [punch_logger]   [base.py(base_input:38)] - [base]:正在向元素<('css selector', '#temperature')>输入'36'
2021-05-30 09:47:55,616   INFO   [punch_logger]   [page_commit.py(page_click_is_healthy:49)] - [page_commit]:正在点击'正常'单选框
2021-05-30 09:47:55,616   INFO   [punch_logger]   [base.py(base_click:29)] - [base]:正在点击元素：<('css selector', "[for='150']")>
2021-05-30 09:47:55,617   INFO   [punch_logger]   [base.py(base_find_element:17)] - [base]:正在定位元素:<('css selector', "[for='150']")>，默认超时时间为30s
2021-05-30 09:47:55,868   INFO   [punch_logger]   [page_commit.py(page_click_address:61)] - [page_commit]:正在点击'在校'单选框
2021-05-30 09:47:55,869   INFO   [punch_logger]   [base.py(base_click:29)] - [base]:正在点击元素：<('css selector', "[for='3500']")>
2021-05-30 09:47:55,869   INFO   [punch_logger]   [base.py(base_find_element:17)] - [base]:正在定位元素:<('css selector', "[for='3500']")>，默认超时时间为30s
2021-05-30 09:47:56,130   INFO   [punch_logger]   [base.py(base_find_element:17)] - [base]:正在定位元素:<('css selector', '#person_c4')>，默认超时时间为30s
2021-05-30 09:47:56,138   INFO   [punch_logger]   [base.py(base_input:35)] - [base]:正在清空元素<('css selector', '#person_c4')>的内容，准备输入
2021-05-30 09:47:56,170   INFO   [punch_logger]   [base.py(base_input:38)] - [base]:正在向元素<('css selector', '#person_c4')>输入'212'
2021-05-30 09:47:56,202   INFO   [punch_logger]   [page_commit.py(page_click_promise_checkbox:33)] - [page_commit]:正在检查“本人承诺上述情况真实”的复选框是否已点选
2021-05-30 09:47:56,202   INFO   [punch_logger]   [base.py(base_find_element:17)] - [base]:正在定位元素:<('css selector', '#\\31 0000')>，默认超时时间为30s
2021-05-30 09:47:56,210   INFO   [punch_logger]   [page_commit.py(page_click_promise_checkbox:36)] - [page_commit]:“本人承诺上述情况真实”的复选框未点选，正在点击
2021-05-30 09:47:56,430   INFO   [punch_logger]   [page_commit.py(page_click_commit:43)] - [page_commit]:已填写完所有信息，正在点击提交按钮
2021-05-30 09:47:56,431   INFO   [punch_logger]   [base.py(base_click:29)] - [base]:正在点击元素：<('css selector', '#tj')>
2021-05-30 09:47:56,431   INFO   [punch_logger]   [base.py(base_find_element:17)] - [base]:正在定位元素:<('css selector', '#tj')>，默认超时时间为30s
2021-05-30 09:47:56,697   INFO   [punch_logger]   [base.py(__init__:12)] - [base]:正在实例化浏览器驱动对象driver:<selenium.webdriver.firefox.webdriver.WebDriver (session="3cde3835-acba-4136-be53-5abcf70c5c8e")>
2021-05-30 09:47:56,697   INFO   [punch_logger]   [page_complete.py(page_punch_is_successful:16)] - [page_complete]正在判断打卡是否成功
2021-05-30 09:47:59,439   ERROR   [punch_logger]   [test_001_commit.py(test_case_001:75)] - 异常：Message: Failed to decode response from marionette

